2021-12-07 13:33:37.756  INFO 7872 --- [main] c.e.s.SpringSecurityJwtApplication       : Starting SpringSecurityJwtApplication using Java 16.0.2 on DESKTOP-07SE46T with PID 7872 (C:\Users\User\IdeaProjects\SpringSecurityJWT\target\classes started by User in C:\Users\User\IdeaProjects\SpringSecurityJWT)
2021-12-07 13:33:37.767  INFO 7872 --- [main] c.e.s.SpringSecurityJwtApplication       : No active profile set, falling back to default profiles: default
2021-12-07 13:33:38.476  INFO 7872 --- [main] .s.d.r.c.RepositoryConfigurationDelegate : Bootstrapping Spring Data JPA repositories in DEFAULT mode.
2021-12-07 13:33:38.560  INFO 7872 --- [main] .s.d.r.c.RepositoryConfigurationDelegate : Finished Spring Data repository scanning in 73 ms. Found 8 JPA repository interfaces.
2021-12-07 13:33:39.041  INFO 7872 --- [main] o.s.b.w.embedded.tomcat.TomcatWebServer  : Tomcat initialized with port(s): 8082 (http)
2021-12-07 13:33:39.049  INFO 7872 --- [main] o.apache.catalina.core.StandardService   : Starting service [Tomcat]
2021-12-07 13:33:39.049  INFO 7872 --- [main] org.apache.catalina.core.StandardEngine  : Starting Servlet engine: [Apache Tomcat/9.0.54]
2021-12-07 13:33:39.155  INFO 7872 --- [main] o.a.c.c.C.[Tomcat].[localhost].[/]       : Initializing Spring embedded WebApplicationContext
2021-12-07 13:33:39.155  INFO 7872 --- [main] w.s.c.ServletWebServerApplicationContext : Root WebApplicationContext: initialization completed in 1315 ms
2021-12-07 13:33:39.274  INFO 7872 --- [main] o.f.c.internal.license.VersionPrinter    : Flyway Community Edition 7.7.3 by Redgate
2021-12-07 13:33:39.406  INFO 7872 --- [main] o.f.c.i.database.base.DatabaseType       : Database: jdbc:postgresql://localhost:5432/insurance (PostgreSQL 10.18)
2021-12-07 13:33:39.466  INFO 7872 --- [main] o.f.core.internal.command.DbValidate     : Successfully validated 2 migrations (execution time 00:00.029s)
2021-12-07 13:33:39.472  INFO 7872 --- [main] o.f.core.internal.command.DbMigrate      : Current version of schema "public": 2
2021-12-07 13:33:39.473  INFO 7872 --- [main] o.f.core.internal.command.DbMigrate      : Schema "public" is up to date. No migration necessary.
2021-12-07 13:33:39.505  INFO 7872 --- [main] com.zaxxer.hikari.HikariDataSource       : HikariPool-1 - Starting...
2021-12-07 13:33:39.557  INFO 7872 --- [main] com.zaxxer.hikari.HikariDataSource       : HikariPool-1 - Start completed.
2021-12-07 13:33:39.596  INFO 7872 --- [main] o.hibernate.jpa.internal.util.LogHelper  : HHH000204: Processing PersistenceUnitInfo [name: default]
2021-12-07 13:33:39.645  INFO 7872 --- [main] org.hibernate.Version                    : HHH000412: Hibernate ORM core version 5.4.32.Final
2021-12-07 13:33:39.781  INFO 7872 --- [main] o.hibernate.annotations.common.Version   : HCANN000001: Hibernate Commons Annotations {5.1.2.Final}
2021-12-07 13:33:39.889  INFO 7872 --- [main] org.hibernate.dialect.Dialect            : HHH000400: Using dialect: org.hibernate.dialect.PostgreSQL10Dialect
2021-12-07 13:33:40.486  INFO 7872 --- [main] o.h.e.t.j.p.i.JtaPlatformInitiator       : HHH000490: Using JtaPlatform implementation: [org.hibernate.engine.transaction.jta.platform.internal.NoJtaPlatform]
2021-12-07 13:33:40.495  INFO 7872 --- [main] j.LocalContainerEntityManagerFactoryBean : Initialized JPA EntityManagerFactory for persistence unit 'default'
2021-12-07 13:33:40.760  WARN 7872 --- [main] JpaBaseConfiguration$JpaWebConfiguration : spring.jpa.open-in-view is enabled by default. Therefore, database queries may be performed during view rendering. Explicitly configure spring.jpa.open-in-view to disable this warning
2021-12-07 13:33:41.121  INFO 7872 --- [main] o.s.s.web.DefaultSecurityFilterChain     : Will secure any request with [org.springframework.security.web.context.request.async.WebAsyncManagerIntegrationFilter@2648aa1b, org.springframework.security.web.context.SecurityContextPersistenceFilter@44a98a23, org.springframework.security.web.header.HeaderWriterFilter@35f35c59, org.springframework.security.web.authentication.logout.LogoutFilter@1fa44f66, com.example.springsecurityjwt.config.jwt.JwtFilter@359fa722, org.springframework.security.web.savedrequest.RequestCacheAwareFilter@e3275d3, org.springframework.security.web.servletapi.SecurityContextHolderAwareRequestFilter@1774c4e2, org.springframework.security.web.authentication.AnonymousAuthenticationFilter@4a3333be, org.springframework.security.web.session.SessionManagementFilter@345540f9, org.springframework.security.web.access.ExceptionTranslationFilter@319d106c, org.springframework.security.web.access.intercept.FilterSecurityInterceptor@3fb1948c]
2021-12-07 13:33:41.434  INFO 7872 --- [main] o.s.b.w.embedded.tomcat.TomcatWebServer  : Tomcat started on port(s): 8082 (http) with context path ''
2021-12-07 13:33:41.443  INFO 7872 --- [main] c.e.s.SpringSecurityJwtApplication       : Started SpringSecurityJwtApplication in 4.079 seconds (JVM running for 4.941)
2021-12-07 13:34:52.562  INFO 7872 --- [http-nio-8082-exec-1] o.a.c.c.C.[Tomcat].[localhost].[/]       : Initializing Spring DispatcherServlet 'dispatcherServlet'
2021-12-07 13:34:52.563  INFO 7872 --- [http-nio-8082-exec-1] o.s.web.servlet.DispatcherServlet        : Initializing Servlet 'dispatcherServlet'
2021-12-07 13:34:52.565  INFO 7872 --- [http-nio-8082-exec-1] o.s.web.servlet.DispatcherServlet        : Completed initialization in 1 ms
2021-12-07 13:34:52.577  INFO 7872 --- [http-nio-8082-exec-1] c.e.s.config.jwt.JwtFilter               : do filter...
2021-12-07 13:34:52.583  INFO 7872 --- [http-nio-8082-exec-1] c.e.s.config.jwt.JwtFilter               : do filter...
2021-12-07 13:53:26.940  INFO 7872 --- [http-nio-8082-exec-3] c.e.s.config.jwt.JwtFilter               : do filter...
2021-12-07 13:53:26.941  INFO 7872 --- [http-nio-8082-exec-3] c.e.s.config.jwt.JwtFilter               : do filter...
2021-12-07 13:59:36.284  INFO 7872 --- [http-nio-8082-exec-5] c.e.s.config.jwt.JwtFilter               : do filter...
2021-12-07 13:59:36.286  INFO 7872 --- [http-nio-8082-exec-5] c.e.s.config.jwt.JwtFilter               : do filter...
2021-12-07 13:59:37.361  INFO 7872 --- [http-nio-8082-exec-6] c.e.s.config.jwt.JwtFilter               : do filter...
2021-12-07 13:59:37.362  INFO 7872 --- [http-nio-8082-exec-6] c.e.s.config.jwt.JwtFilter               : do filter...
2021-12-07 14:10:36.156  INFO 7872 --- [http-nio-8082-exec-8] c.e.s.config.jwt.JwtFilter               : do filter...
2021-12-07 14:10:36.157  INFO 7872 --- [http-nio-8082-exec-8] c.e.s.config.jwt.JwtFilter               : do filter...
2021-12-07 14:12:18.247  INFO 7872 --- [http-nio-8082-exec-10] c.e.s.config.jwt.JwtFilter               : do filter...
2021-12-07 14:12:18.255  INFO 7872 --- [http-nio-8082-exec-10] c.e.s.config.jwt.JwtFilter               : do filter...
2021-12-07 14:12:41.316  INFO 7872 --- [http-nio-8082-exec-2] c.e.s.config.jwt.JwtFilter               : do filter...
2021-12-07 14:12:41.317  INFO 7872 --- [http-nio-8082-exec-2] c.e.s.config.jwt.JwtFilter               : do filter...
2021-12-07 14:12:41.322  INFO 7872 --- [http-nio-8082-exec-3] c.e.s.config.jwt.JwtFilter               : do filter...
2021-12-07 14:12:41.323  INFO 7872 --- [http-nio-8082-exec-3] c.e.s.config.jwt.JwtFilter               : do filter...
2021-12-07 14:16:10.123  INFO 7872 --- [http-nio-8082-exec-5] c.e.s.config.jwt.JwtFilter               : do filter...
2021-12-07 14:16:10.125  INFO 7872 --- [http-nio-8082-exec-5] c.e.s.config.jwt.JwtFilter               : do filter...
2021-12-07 14:16:18.724  INFO 7872 --- [http-nio-8082-exec-7] c.e.s.config.jwt.JwtFilter               : do filter...
2021-12-07 14:16:18.743  INFO 7872 --- [http-nio-8082-exec-7] c.e.s.config.jwt.JwtFilter               : do filter...
2021-12-07 14:16:20.465  INFO 7872 --- [http-nio-8082-exec-8] c.e.s.config.jwt.JwtFilter               : do filter...
2021-12-07 14:16:20.466  INFO 7872 --- [http-nio-8082-exec-8] c.e.s.config.jwt.JwtFilter               : do filter...
2021-12-07 14:16:20.471  INFO 7872 --- [http-nio-8082-exec-9] c.e.s.config.jwt.JwtFilter               : do filter...
2021-12-07 14:16:20.506  INFO 7872 --- [http-nio-8082-exec-9] c.e.s.config.jwt.JwtFilter               : do filter...
2021-12-07 14:18:49.363  INFO 7872 --- [http-nio-8082-exec-1] c.e.s.config.jwt.JwtFilter               : do filter...
2021-12-07 14:18:49.365  INFO 7872 --- [http-nio-8082-exec-1] c.e.s.config.jwt.JwtFilter               : do filter...
2021-12-07 14:18:53.593  INFO 7872 --- [http-nio-8082-exec-2] c.e.s.config.jwt.JwtFilter               : do filter...
2021-12-07 14:18:53.598  INFO 7872 --- [http-nio-8082-exec-2] c.e.s.config.jwt.JwtFilter               : do filter...
2021-12-07 14:19:16.514  INFO 7872 --- [http-nio-8082-exec-4] c.e.s.config.jwt.JwtFilter               : do filter...
2021-12-07 14:19:16.517  INFO 7872 --- [http-nio-8082-exec-4] c.e.s.config.jwt.JwtFilter               : do filter...
2021-12-07 14:20:35.251  INFO 7872 --- [http-nio-8082-exec-6] c.e.s.config.jwt.JwtFilter               : do filter...
2021-12-07 14:20:35.252  INFO 7872 --- [http-nio-8082-exec-6] c.e.s.config.jwt.JwtFilter               : do filter...
2021-12-07 14:20:38.729  INFO 7872 --- [http-nio-8082-exec-7] c.e.s.config.jwt.JwtFilter               : do filter...
2021-12-07 14:20:38.733  INFO 7872 --- [http-nio-8082-exec-7] c.e.s.config.jwt.JwtFilter               : do filter...
2021-12-07 14:21:36.714  INFO 7872 --- [http-nio-8082-exec-9] c.e.s.config.jwt.JwtFilter               : do filter...
2021-12-07 14:21:36.715  INFO 7872 --- [http-nio-8082-exec-9] c.e.s.config.jwt.JwtFilter               : do filter...
2021-12-07 14:22:17.225  INFO 7872 --- [http-nio-8082-exec-1] c.e.s.config.jwt.JwtFilter               : do filter...
2021-12-07 14:22:17.229  INFO 7872 --- [http-nio-8082-exec-1] c.e.s.config.jwt.JwtFilter               : do filter...
2021-12-07 14:22:25.833  INFO 7872 --- [http-nio-8082-exec-2] c.e.s.config.jwt.JwtFilter               : do filter...
2021-12-07 14:22:25.834  INFO 7872 --- [http-nio-8082-exec-2] c.e.s.config.jwt.JwtFilter               : do filter...
2021-12-07 14:22:25.838  INFO 7872 --- [http-nio-8082-exec-2] c.e.s.config.jwt.JwtFilter               : do filter...
2021-12-07 14:22:25.839  INFO 7872 --- [http-nio-8082-exec-2] c.e.s.config.jwt.JwtFilter               : do filter...
2021-12-07 14:22:27.130  INFO 7872 --- [http-nio-8082-exec-3] c.e.s.config.jwt.JwtFilter               : do filter...
2021-12-07 14:22:27.133  INFO 7872 --- [http-nio-8082-exec-3] c.e.s.config.jwt.JwtFilter               : do filter...
2021-12-07 14:37:43.120  INFO 7872 --- [http-nio-8082-exec-5] c.e.s.config.jwt.JwtFilter               : do filter...
2021-12-07 14:37:43.132  INFO 7872 --- [http-nio-8082-exec-5] c.e.s.config.jwt.JwtFilter               : do filter...
2021-12-07 14:38:58.474  INFO 7872 --- [http-nio-8082-exec-7] c.e.s.config.jwt.JwtFilter               : do filter...
2021-12-07 14:38:58.478  INFO 7872 --- [http-nio-8082-exec-7] c.e.s.config.jwt.JwtFilter               : do filter...
2021-12-07 14:39:01.298  INFO 7872 --- [http-nio-8082-exec-9] c.e.s.config.jwt.JwtFilter               : do filter...
2021-12-07 14:39:01.301  INFO 7872 --- [http-nio-8082-exec-9] c.e.s.config.jwt.JwtFilter               : do filter...
2021-12-07 14:39:02.298  INFO 7872 --- [http-nio-8082-exec-10] c.e.s.config.jwt.JwtFilter               : do filter...
2021-12-07 14:39:02.302  INFO 7872 --- [http-nio-8082-exec-10] c.e.s.config.jwt.JwtFilter               : do filter...
2021-12-07 14:41:32.686  INFO 7872 --- [http-nio-8082-exec-2] c.e.s.config.jwt.JwtFilter               : do filter...
2021-12-07 14:41:32.690  INFO 7872 --- [http-nio-8082-exec-2] c.e.s.config.jwt.JwtFilter               : do filter...
2021-12-07 14:41:34.074  INFO 7872 --- [http-nio-8082-exec-3] c.e.s.config.jwt.JwtFilter               : do filter...
2021-12-07 14:41:34.078  INFO 7872 --- [http-nio-8082-exec-3] c.e.s.config.jwt.JwtFilter               : do filter...
2021-12-07 14:41:42.891  INFO 7872 --- [http-nio-8082-exec-5] c.e.s.config.jwt.JwtFilter               : do filter...
2021-12-07 14:41:42.894  INFO 7872 --- [http-nio-8082-exec-5] c.e.s.config.jwt.JwtFilter               : do filter...
2021-12-07 14:41:43.017  INFO 7872 --- [http-nio-8082-exec-6] c.e.s.config.jwt.JwtFilter               : do filter...
2021-12-07 14:41:43.021  INFO 7872 --- [http-nio-8082-exec-6] c.e.s.config.jwt.JwtFilter               : do filter...
2021-12-07 14:41:44.570  INFO 7872 --- [http-nio-8082-exec-7] c.e.s.config.jwt.JwtFilter               : do filter...
2021-12-07 14:41:44.575  INFO 7872 --- [http-nio-8082-exec-7] c.e.s.config.jwt.JwtFilter               : do filter...
2021-12-07 14:43:42.999  INFO 7872 --- [http-nio-8082-exec-9] c.e.s.config.jwt.JwtFilter               : do filter...
2021-12-07 14:43:43.003  INFO 7872 --- [http-nio-8082-exec-9] c.e.s.config.jwt.JwtFilter               : do filter...
2021-12-07 14:43:51.517  INFO 7872 --- [http-nio-8082-exec-1] c.e.s.config.jwt.JwtFilter               : do filter...
2021-12-07 14:43:51.518  INFO 7872 --- [http-nio-8082-exec-1] c.e.s.config.jwt.JwtFilter               : do filter...
2021-12-07 14:43:51.669  INFO 7872 --- [http-nio-8082-exec-2] c.e.s.config.jwt.JwtFilter               : do filter...
2021-12-07 14:43:51.671  INFO 7872 --- [http-nio-8082-exec-2] c.e.s.config.jwt.JwtFilter               : do filter...
2021-12-07 14:46:32.199  INFO 7872 --- [http-nio-8082-exec-4] c.e.s.config.jwt.JwtFilter               : do filter...
2021-12-07 14:46:32.199  INFO 7872 --- [http-nio-8082-exec-4] c.e.s.config.jwt.JwtFilter               : do filter...
2021-12-07 14:46:32.202  INFO 7872 --- [http-nio-8082-exec-5] c.e.s.config.jwt.JwtFilter               : do filter...
2021-12-07 14:46:32.205  INFO 7872 --- [http-nio-8082-exec-5] c.e.s.config.jwt.JwtFilter               : do filter...
2021-12-07 14:47:06.577  INFO 7872 --- [http-nio-8082-exec-7] c.e.s.config.jwt.JwtFilter               : do filter...
2021-12-07 14:47:06.581  INFO 7872 --- [http-nio-8082-exec-7] c.e.s.config.jwt.JwtFilter               : do filter...
2021-12-07 14:47:11.845  INFO 7872 --- [http-nio-8082-exec-9] c.e.s.config.jwt.JwtFilter               : do filter...
2021-12-07 14:47:11.846  INFO 7872 --- [http-nio-8082-exec-9] c.e.s.config.jwt.JwtFilter               : do filter...
2021-12-07 14:47:11.993  INFO 7872 --- [http-nio-8082-exec-10] c.e.s.config.jwt.JwtFilter               : do filter...
2021-12-07 14:47:11.996  INFO 7872 --- [http-nio-8082-exec-10] c.e.s.config.jwt.JwtFilter               : do filter...
2021-12-07 14:47:28.792  INFO 7872 --- [http-nio-8082-exec-2] c.e.s.config.jwt.JwtFilter               : do filter...
2021-12-07 14:47:28.794  INFO 7872 --- [http-nio-8082-exec-2] c.e.s.config.jwt.JwtFilter               : do filter...
2021-12-07 14:47:28.945  INFO 7872 --- [http-nio-8082-exec-3] c.e.s.config.jwt.JwtFilter               : do filter...
2021-12-07 14:47:28.948  INFO 7872 --- [http-nio-8082-exec-3] c.e.s.config.jwt.JwtFilter               : do filter...
2021-12-07 14:49:00.965  INFO 7872 --- [http-nio-8082-exec-5] c.e.s.config.jwt.JwtFilter               : do filter...
2021-12-07 14:49:00.966  INFO 7872 --- [http-nio-8082-exec-5] c.e.s.config.jwt.JwtFilter               : do filter...
2021-12-07 14:49:01.070  INFO 7872 --- [http-nio-8082-exec-6] c.e.s.config.jwt.JwtFilter               : do filter...
2021-12-07 14:49:01.075  INFO 7872 --- [http-nio-8082-exec-6] c.e.s.config.jwt.JwtFilter               : do filter...
2021-12-07 14:49:46.706  INFO 7872 --- [http-nio-8082-exec-8] c.e.s.config.jwt.JwtFilter               : do filter...
2021-12-07 14:49:46.713  INFO 7872 --- [http-nio-8082-exec-8] c.e.s.config.jwt.JwtFilter               : do filter...
2021-12-07 14:49:49.020  INFO 7872 --- [http-nio-8082-exec-9] c.e.s.config.jwt.JwtFilter               : do filter...
2021-12-07 14:49:49.021  INFO 7872 --- [http-nio-8082-exec-9] c.e.s.config.jwt.JwtFilter               : do filter...
2021-12-07 14:49:49.125  INFO 7872 --- [http-nio-8082-exec-10] c.e.s.config.jwt.JwtFilter               : do filter...
2021-12-07 14:49:49.130  INFO 7872 --- [http-nio-8082-exec-10] c.e.s.config.jwt.JwtFilter               : do filter...
2021-12-07 14:49:50.444  INFO 7872 --- [http-nio-8082-exec-2] c.e.s.config.jwt.JwtFilter               : do filter...
2021-12-07 14:49:50.446  INFO 7872 --- [http-nio-8082-exec-2] c.e.s.config.jwt.JwtFilter               : do filter...
2021-12-07 14:49:50.455  INFO 7872 --- [http-nio-8082-exec-3] c.e.s.config.jwt.JwtFilter               : do filter...
2021-12-07 14:49:50.458  INFO 7872 --- [http-nio-8082-exec-3] c.e.s.config.jwt.JwtFilter               : do filter...
2021-12-07 14:50:23.420  INFO 7872 --- [http-nio-8082-exec-5] c.e.s.config.jwt.JwtFilter               : do filter...
2021-12-07 14:50:23.421  INFO 7872 --- [http-nio-8082-exec-5] c.e.s.config.jwt.JwtFilter               : do filter...
2021-12-07 14:50:23.550  INFO 7872 --- [http-nio-8082-exec-6] c.e.s.config.jwt.JwtFilter               : do filter...
2021-12-07 14:50:23.552  INFO 7872 --- [http-nio-8082-exec-6] c.e.s.config.jwt.JwtFilter               : do filter...
2021-12-07 14:50:25.067  INFO 7872 --- [http-nio-8082-exec-7] c.e.s.config.jwt.JwtFilter               : do filter...
2021-12-07 14:50:25.070  INFO 7872 --- [http-nio-8082-exec-7] c.e.s.config.jwt.JwtFilter               : do filter...
2021-12-07 14:52:36.132  INFO 7872 --- [http-nio-8082-exec-9] c.e.s.config.jwt.JwtFilter               : do filter...
2021-12-07 14:52:36.142  INFO 7872 --- [http-nio-8082-exec-9] c.e.s.config.jwt.JwtFilter               : do filter...
2021-12-07 14:52:46.400  INFO 7872 --- [http-nio-8082-exec-1] c.e.s.config.jwt.JwtFilter               : do filter...
2021-12-07 14:52:46.400  INFO 7872 --- [http-nio-8082-exec-1] c.e.s.config.jwt.JwtFilter               : do filter...
2021-12-07 14:52:46.403  INFO 7872 --- [http-nio-8082-exec-2] c.e.s.config.jwt.JwtFilter               : do filter...
2021-12-07 14:52:46.403  INFO 7872 --- [http-nio-8082-exec-2] c.e.s.config.jwt.JwtFilter               : do filter...
2021-12-07 14:54:17.220  INFO 7872 --- [http-nio-8082-exec-4] c.e.s.config.jwt.JwtFilter               : do filter...
2021-12-07 14:54:17.221  INFO 7872 --- [http-nio-8082-exec-4] c.e.s.config.jwt.JwtFilter               : do filter...
2021-12-07 14:54:35.407  INFO 7872 --- [http-nio-8082-exec-6] c.e.s.config.jwt.JwtFilter               : do filter...
2021-12-07 14:54:35.407  INFO 7872 --- [http-nio-8082-exec-6] c.e.s.config.jwt.JwtFilter               : do filter...
2021-12-07 14:54:52.093  INFO 7872 --- [http-nio-8082-exec-8] c.e.s.config.jwt.JwtFilter               : do filter...
2021-12-07 14:54:52.097  INFO 7872 --- [http-nio-8082-exec-8] c.e.s.config.jwt.JwtFilter               : do filter...
2021-12-07 14:55:00.323  INFO 7872 --- [http-nio-8082-exec-10] c.e.s.config.jwt.JwtFilter               : do filter...
2021-12-07 14:55:00.325  INFO 7872 --- [http-nio-8082-exec-10] c.e.s.config.jwt.JwtFilter               : do filter...
2021-12-07 14:55:01.340  INFO 7872 --- [http-nio-8082-exec-1] c.e.s.config.jwt.JwtFilter               : do filter...
2021-12-07 14:55:01.344  INFO 7872 --- [http-nio-8082-exec-1] c.e.s.config.jwt.JwtFilter               : do filter...
2021-12-07 15:29:43.028  INFO 7872 --- [http-nio-8082-exec-3] c.e.s.config.jwt.JwtFilter               : do filter...
2021-12-07 15:29:43.030  INFO 7872 --- [http-nio-8082-exec-3] c.e.s.config.jwt.JwtFilter               : do filter...
2021-12-07 15:29:43.038  INFO 7872 --- [http-nio-8082-exec-3] c.e.s.config.jwt.JwtFilter               : do filter...
2021-12-07 15:29:43.039  INFO 7872 --- [http-nio-8082-exec-3] c.e.s.config.jwt.JwtFilter               : do filter...
2021-12-07 15:30:33.728  INFO 7872 --- [http-nio-8082-exec-6] c.e.s.config.jwt.JwtFilter               : do filter...
2021-12-07 15:30:33.728  INFO 7872 --- [http-nio-8082-exec-6] c.e.s.config.jwt.JwtFilter               : do filter...
2021-12-07 15:30:35.206  INFO 7872 --- [http-nio-8082-exec-7] c.e.s.config.jwt.JwtFilter               : do filter...
2021-12-07 15:30:35.207  INFO 7872 --- [http-nio-8082-exec-7] c.e.s.config.jwt.JwtFilter               : do filter...
2021-12-07 15:30:35.211  INFO 7872 --- [http-nio-8082-exec-8] c.e.s.config.jwt.JwtFilter               : do filter...
2021-12-07 15:30:35.218  INFO 7872 --- [http-nio-8082-exec-8] c.e.s.config.jwt.JwtFilter               : do filter...
2021-12-07 15:30:47.448  INFO 7872 --- [http-nio-8082-exec-10] c.e.s.config.jwt.JwtFilter               : do filter...
2021-12-07 15:30:47.449  INFO 7872 --- [http-nio-8082-exec-10] c.e.s.config.jwt.JwtFilter               : do filter...
2021-12-07 15:30:48.822  INFO 7872 --- [http-nio-8082-exec-1] c.e.s.config.jwt.JwtFilter               : do filter...
2021-12-07 15:30:48.825  INFO 7872 --- [http-nio-8082-exec-1] c.e.s.config.jwt.JwtFilter               : do filter...
2021-12-07 15:30:49.847  INFO 7872 --- [http-nio-8082-exec-4] c.e.s.config.jwt.JwtFilter               : do filter...
2021-12-07 15:30:49.849  INFO 7872 --- [http-nio-8082-exec-4] c.e.s.config.jwt.JwtFilter               : do filter...
2021-12-07 15:30:49.953  INFO 7872 --- [http-nio-8082-exec-4] c.e.s.config.jwt.JwtFilter               : do filter...
2021-12-07 15:31:22.153  INFO 7872 --- [http-nio-8082-exec-5] c.e.s.config.jwt.JwtFilter               : do filter...
2021-12-07 15:31:22.154  INFO 7872 --- [http-nio-8082-exec-5] c.e.s.config.jwt.JwtFilter               : do filter...
2021-12-07 15:31:23.262  INFO 7872 --- [http-nio-8082-exec-6] c.e.s.config.jwt.JwtFilter               : do filter...
2021-12-07 15:31:23.265  INFO 7872 --- [http-nio-8082-exec-6] c.e.s.config.jwt.JwtFilter               : do filter...
2021-12-07 15:31:24.197  INFO 7872 --- [http-nio-8082-exec-7] c.e.s.config.jwt.JwtFilter               : do filter...
2021-12-07 15:31:24.198  INFO 7872 --- [http-nio-8082-exec-7] c.e.s.config.jwt.JwtFilter               : do filter...
2021-12-07 15:31:24.215  INFO 7872 --- [http-nio-8082-exec-7] c.e.s.config.jwt.JwtFilter               : do filter...
2021-12-07 15:31:47.523  INFO 7872 --- [SpringApplicationShutdownHook] j.LocalContainerEntityManagerFactoryBean : Closing JPA EntityManagerFactory for persistence unit 'default'
2021-12-07 15:31:47.546  INFO 7872 --- [SpringApplicationShutdownHook] com.zaxxer.hikari.HikariDataSource       : HikariPool-1 - Shutdown initiated...
2021-12-07 15:31:47.567  INFO 7872 --- [SpringApplicationShutdownHook] com.zaxxer.hikari.HikariDataSource       : HikariPool-1 - Shutdown completed.
2021-12-07 15:31:57.066  INFO 5320 --- [main] c.e.s.SpringSecurityJwtApplication       : Starting SpringSecurityJwtApplication using Java 16.0.2 on DESKTOP-07SE46T with PID 5320 (C:\Users\User\IdeaProjects\SpringSecurityJWT\target\classes started by User in C:\Users\User\IdeaProjects\SpringSecurityJWT)
2021-12-07 15:31:57.069  INFO 5320 --- [main] c.e.s.SpringSecurityJwtApplication       : No active profile set, falling back to default profiles: default
2021-12-07 15:31:58.064  INFO 5320 --- [main] .s.d.r.c.RepositoryConfigurationDelegate : Bootstrapping Spring Data JPA repositories in DEFAULT mode.
2021-12-07 15:31:58.165  INFO 5320 --- [main] .s.d.r.c.RepositoryConfigurationDelegate : Finished Spring Data repository scanning in 91 ms. Found 8 JPA repository interfaces.
2021-12-07 15:31:58.860  INFO 5320 --- [main] o.s.b.w.embedded.tomcat.TomcatWebServer  : Tomcat initialized with port(s): 8082 (http)
2021-12-07 15:31:58.870  INFO 5320 --- [main] o.apache.catalina.core.StandardService   : Starting service [Tomcat]
2021-12-07 15:31:58.871  INFO 5320 --- [main] org.apache.catalina.core.StandardEngine  : Starting Servlet engine: [Apache Tomcat/9.0.54]
2021-12-07 15:31:59.039  INFO 5320 --- [main] o.a.c.c.C.[Tomcat].[localhost].[/]       : Initializing Spring embedded WebApplicationContext
2021-12-07 15:31:59.040  INFO 5320 --- [main] w.s.c.ServletWebServerApplicationContext : Root WebApplicationContext: initialization completed in 1924 ms
2021-12-07 15:31:59.195  INFO 5320 --- [main] o.f.c.internal.license.VersionPrinter    : Flyway Community Edition 7.7.3 by Redgate
2021-12-07 15:31:59.333  INFO 5320 --- [main] o.f.c.i.database.base.DatabaseType       : Database: jdbc:postgresql://localhost:5432/insurance (PostgreSQL 10.18)
2021-12-07 15:31:59.382  INFO 5320 --- [main] o.f.core.internal.command.DbValidate     : Successfully validated 2 migrations (execution time 00:00.028s)
2021-12-07 15:31:59.388  INFO 5320 --- [main] o.f.core.internal.command.DbMigrate      : Current version of schema "public": 2
2021-12-07 15:31:59.389  INFO 5320 --- [main] o.f.core.internal.command.DbMigrate      : Schema "public" is up to date. No migration necessary.
2021-12-07 15:31:59.431  INFO 5320 --- [main] com.zaxxer.hikari.HikariDataSource       : HikariPool-1 - Starting...
2021-12-07 15:31:59.502  INFO 5320 --- [main] com.zaxxer.hikari.HikariDataSource       : HikariPool-1 - Start completed.
2021-12-07 15:31:59.550  INFO 5320 --- [main] o.hibernate.jpa.internal.util.LogHelper  : HHH000204: Processing PersistenceUnitInfo [name: default]
2021-12-07 15:31:59.601  INFO 5320 --- [main] org.hibernate.Version                    : HHH000412: Hibernate ORM core version 5.4.32.Final
2021-12-07 15:31:59.733  INFO 5320 --- [main] o.hibernate.annotations.common.Version   : HCANN000001: Hibernate Commons Annotations {5.1.2.Final}
2021-12-07 15:31:59.843  INFO 5320 --- [main] org.hibernate.dialect.Dialect            : HHH000400: Using dialect: org.hibernate.dialect.PostgreSQL10Dialect
2021-12-07 15:32:00.845  INFO 5320 --- [main] o.h.e.t.j.p.i.JtaPlatformInitiator       : HHH000490: Using JtaPlatform implementation: [org.hibernate.engine.transaction.jta.platform.internal.NoJtaPlatform]
2021-12-07 15:32:00.866  INFO 5320 --- [main] j.LocalContainerEntityManagerFactoryBean : Initialized JPA EntityManagerFactory for persistence unit 'default'
2021-12-07 15:32:01.220  WARN 5320 --- [main] JpaBaseConfiguration$JpaWebConfiguration : spring.jpa.open-in-view is enabled by default. Therefore, database queries may be performed during view rendering. Explicitly configure spring.jpa.open-in-view to disable this warning
2021-12-07 15:32:01.615  INFO 5320 --- [main] o.s.s.web.DefaultSecurityFilterChain     : Will secure any request with [org.springframework.security.web.context.request.async.WebAsyncManagerIntegrationFilter@11577ab8, org.springframework.security.web.context.SecurityContextPersistenceFilter@70ad0854, org.springframework.security.web.header.HeaderWriterFilter@57fc6759, org.springframework.security.web.authentication.logout.LogoutFilter@31028e45, com.example.springsecurityjwt.config.jwt.JwtFilter@42474b18, org.springframework.security.web.savedrequest.RequestCacheAwareFilter@339cde4b, org.springframework.security.web.servletapi.SecurityContextHolderAwareRequestFilter@6b43b101, org.springframework.security.web.authentication.AnonymousAuthenticationFilter@5513a46b, org.springframework.security.web.session.SessionManagementFilter@272c5abd, org.springframework.security.web.access.ExceptionTranslationFilter@4c24c40a, org.springframework.security.web.access.intercept.FilterSecurityInterceptor@4a3333be]
2021-12-07 15:32:01.953  INFO 5320 --- [main] o.s.b.w.embedded.tomcat.TomcatWebServer  : Tomcat started on port(s): 8082 (http) with context path ''
2021-12-07 15:32:01.963  INFO 5320 --- [main] c.e.s.SpringSecurityJwtApplication       : Started SpringSecurityJwtApplication in 5.405 seconds (JVM running for 7.703)
2021-12-07 15:32:11.954  INFO 5320 --- [http-nio-8082-exec-1] o.a.c.c.C.[Tomcat].[localhost].[/]       : Initializing Spring DispatcherServlet 'dispatcherServlet'
2021-12-07 15:32:11.954  INFO 5320 --- [http-nio-8082-exec-1] o.s.web.servlet.DispatcherServlet        : Initializing Servlet 'dispatcherServlet'
2021-12-07 15:32:11.956  INFO 5320 --- [http-nio-8082-exec-1] o.s.web.servlet.DispatcherServlet        : Completed initialization in 2 ms
2021-12-07 15:32:11.969  INFO 5320 --- [http-nio-8082-exec-1] c.e.s.config.jwt.JwtFilter               : do filter...
2021-12-07 15:32:11.974  INFO 5320 --- [http-nio-8082-exec-1] c.e.s.config.jwt.JwtFilter               : do filter...
2021-12-07 15:32:13.295  INFO 5320 --- [http-nio-8082-exec-2] c.e.s.config.jwt.JwtFilter               : do filter...
2021-12-07 15:32:13.318  INFO 5320 --- [http-nio-8082-exec-2] c.e.s.config.jwt.JwtFilter               : do filter...
2021-12-07 15:32:15.525  INFO 5320 --- [http-nio-8082-exec-4] c.e.s.config.jwt.JwtFilter               : do filter...
2021-12-07 15:32:15.527  INFO 5320 --- [http-nio-8082-exec-4] c.e.s.config.jwt.JwtFilter               : do filter...
2021-12-07 15:33:09.121  INFO 5320 --- [http-nio-8082-exec-6] c.e.s.config.jwt.JwtFilter               : do filter...
2021-12-07 15:33:09.122  INFO 5320 --- [http-nio-8082-exec-6] c.e.s.config.jwt.JwtFilter               : do filter...
2021-12-07 15:33:10.201  INFO 5320 --- [http-nio-8082-exec-7] c.e.s.config.jwt.JwtFilter               : do filter...
2021-12-07 15:33:10.205  INFO 5320 --- [http-nio-8082-exec-7] c.e.s.config.jwt.JwtFilter               : do filter...
2021-12-07 15:33:11.406  INFO 5320 --- [http-nio-8082-exec-8] c.e.s.config.jwt.JwtFilter               : do filter...
2021-12-07 15:33:11.407  INFO 5320 --- [http-nio-8082-exec-8] c.e.s.config.jwt.JwtFilter               : do filter...
2021-12-07 15:34:27.522  INFO 5320 --- [http-nio-8082-exec-10] c.e.s.config.jwt.JwtFilter               : do filter...
2021-12-07 15:34:27.523  INFO 5320 --- [http-nio-8082-exec-10] c.e.s.config.jwt.JwtFilter               : do filter...
2021-12-07 15:34:28.590  INFO 5320 --- [http-nio-8082-exec-1] c.e.s.config.jwt.JwtFilter               : do filter...
2021-12-07 15:34:28.594  INFO 5320 --- [http-nio-8082-exec-1] c.e.s.config.jwt.JwtFilter               : do filter...
2021-12-07 15:34:29.182  INFO 5320 --- [http-nio-8082-exec-2] c.e.s.config.jwt.JwtFilter               : do filter...
2021-12-07 15:34:29.182  INFO 5320 --- [http-nio-8082-exec-2] c.e.s.config.jwt.JwtFilter               : do filter...
2021-12-07 15:35:42.905  INFO 5320 --- [http-nio-8082-exec-4] c.e.s.config.jwt.JwtFilter               : do filter...
2021-12-07 15:35:42.906  INFO 5320 --- [http-nio-8082-exec-4] c.e.s.config.jwt.JwtFilter               : do filter...
2021-12-07 15:35:44.471  INFO 5320 --- [http-nio-8082-exec-5] c.e.s.config.jwt.JwtFilter               : do filter...
2021-12-07 15:35:44.475  INFO 5320 --- [http-nio-8082-exec-5] c.e.s.config.jwt.JwtFilter               : do filter...
2021-12-07 15:35:45.078  INFO 5320 --- [http-nio-8082-exec-6] c.e.s.config.jwt.JwtFilter               : do filter...
2021-12-07 15:35:45.079  INFO 5320 --- [http-nio-8082-exec-6] c.e.s.config.jwt.JwtFilter               : do filter...
2021-12-07 15:35:51.689  INFO 5320 --- [http-nio-8082-exec-8] c.e.s.config.jwt.JwtFilter               : do filter...
2021-12-07 15:35:51.689  INFO 5320 --- [http-nio-8082-exec-8] c.e.s.config.jwt.JwtFilter               : do filter...
2021-12-07 15:35:53.626  INFO 5320 --- [http-nio-8082-exec-9] c.e.s.config.jwt.JwtFilter               : do filter...
2021-12-07 15:35:53.628  INFO 5320 --- [http-nio-8082-exec-9] c.e.s.config.jwt.JwtFilter               : do filter...
2021-12-07 15:35:59.207  INFO 5320 --- [http-nio-8082-exec-1] c.e.s.config.jwt.JwtFilter               : do filter...
2021-12-07 15:35:59.207  INFO 5320 --- [http-nio-8082-exec-1] c.e.s.config.jwt.JwtFilter               : do filter...
2021-12-07 15:36:00.647  INFO 5320 --- [http-nio-8082-exec-2] c.e.s.config.jwt.JwtFilter               : do filter...
2021-12-07 15:36:00.651  INFO 5320 --- [http-nio-8082-exec-2] c.e.s.config.jwt.JwtFilter               : do filter...
2021-12-07 15:36:01.287  INFO 5320 --- [http-nio-8082-exec-3] c.e.s.config.jwt.JwtFilter               : do filter...
2021-12-07 15:36:01.288  INFO 5320 --- [http-nio-8082-exec-3] c.e.s.config.jwt.JwtFilter               : do filter...
2021-12-07 15:41:06.426  INFO 5320 --- [http-nio-8082-exec-5] c.e.s.config.jwt.JwtFilter               : do filter...
2021-12-07 15:41:06.427  INFO 5320 --- [http-nio-8082-exec-5] c.e.s.config.jwt.JwtFilter               : do filter...
2021-12-07 15:42:30.234  INFO 5320 --- [http-nio-8082-exec-7] c.e.s.config.jwt.JwtFilter               : do filter...
2021-12-07 15:42:30.235  INFO 5320 --- [http-nio-8082-exec-7] c.e.s.config.jwt.JwtFilter               : do filter...
2021-12-07 15:42:32.807  INFO 5320 --- [http-nio-8082-exec-8] c.e.s.config.jwt.JwtFilter               : do filter...
2021-12-07 15:42:32.811  INFO 5320 --- [http-nio-8082-exec-8] c.e.s.config.jwt.JwtFilter               : do filter...
2021-12-07 15:42:33.311  INFO 5320 --- [http-nio-8082-exec-9] c.e.s.config.jwt.JwtFilter               : do filter...
2021-12-07 15:42:33.311  INFO 5320 --- [http-nio-8082-exec-9] c.e.s.config.jwt.JwtFilter               : do filter...
2021-12-07 15:42:48.808  INFO 5320 --- [http-nio-8082-exec-10] c.e.s.config.jwt.JwtFilter               : do filter...
2021-12-07 15:42:48.809  INFO 5320 --- [http-nio-8082-exec-10] c.e.s.config.jwt.JwtFilter               : do filter...
2021-12-07 15:42:50.071  INFO 5320 --- [http-nio-8082-exec-1] c.e.s.config.jwt.JwtFilter               : do filter...
2021-12-07 15:42:50.076  INFO 5320 --- [http-nio-8082-exec-1] c.e.s.config.jwt.JwtFilter               : do filter...
2021-12-07 15:42:51.046  INFO 5320 --- [http-nio-8082-exec-2] c.e.s.config.jwt.JwtFilter               : do filter...
2021-12-07 15:42:51.047  INFO 5320 --- [http-nio-8082-exec-2] c.e.s.config.jwt.JwtFilter               : do filter...
2021-12-07 15:48:46.540  INFO 5320 --- [http-nio-8082-exec-4] c.e.s.config.jwt.JwtFilter               : do filter...
2021-12-07 15:48:46.545  INFO 5320 --- [http-nio-8082-exec-4] c.e.s.config.jwt.JwtFilter               : do filter...
2021-12-07 15:48:47.127  INFO 5320 --- [http-nio-8082-exec-5] c.e.s.config.jwt.JwtFilter               : do filter...
2021-12-07 15:48:47.128  INFO 5320 --- [http-nio-8082-exec-5] c.e.s.config.jwt.JwtFilter               : do filter...
2021-12-07 16:05:14.109  INFO 5320 --- [http-nio-8082-exec-7] c.e.s.config.jwt.JwtFilter               : do filter...
2021-12-07 16:05:14.110  INFO 5320 --- [http-nio-8082-exec-7] c.e.s.config.jwt.JwtFilter               : do filter...
2021-12-07 16:05:16.787  INFO 5320 --- [http-nio-8082-exec-8] c.e.s.config.jwt.JwtFilter               : do filter...
2021-12-07 16:05:16.788  INFO 5320 --- [http-nio-8082-exec-8] c.e.s.config.jwt.JwtFilter               : do filter...
2021-12-07 16:05:16.894  INFO 5320 --- [http-nio-8082-exec-9] c.e.s.config.jwt.JwtFilter               : do filter...
2021-12-07 16:05:16.894  INFO 5320 --- [http-nio-8082-exec-9] c.e.s.config.jwt.JwtFilter               : do filter...
2021-12-07 16:05:17.069  WARN 5320 --- [http-nio-8082-exec-9] .w.s.m.s.DefaultHandlerExceptionResolver : Resolved [org.springframework.http.converter.HttpMessageNotReadableException: JSON parse error: Cannot deserialize value of type `int` from String "fgh": not a valid `int` value; nested exception is com.fasterxml.jackson.databind.exc.InvalidFormatException: Cannot deserialize value of type `int` from String "fgh": not a valid `int` value<LF> at [Source: (PushbackInputStream); line: 1, column: 45] (through reference chain: com.example.springsecurityjwt.dto.OfferDto["term"])]
2021-12-07 16:05:17.076  INFO 5320 --- [http-nio-8082-exec-9] c.e.s.config.jwt.JwtFilter               : do filter...
2021-12-07 16:06:34.908  INFO 5320 --- [http-nio-8082-exec-10] c.e.s.config.jwt.JwtFilter               : do filter...
2021-12-07 16:06:34.908  INFO 5320 --- [http-nio-8082-exec-10] c.e.s.config.jwt.JwtFilter               : do filter...
2021-12-07 16:07:00.340  INFO 5320 --- [http-nio-8082-exec-2] c.e.s.config.jwt.JwtFilter               : do filter...
2021-12-07 16:07:00.340  INFO 5320 --- [http-nio-8082-exec-2] c.e.s.config.jwt.JwtFilter               : do filter...
2021-12-07 16:07:08.081  INFO 5320 --- [http-nio-8082-exec-3] c.e.s.config.jwt.JwtFilter               : do filter...
2021-12-07 16:07:08.082  INFO 5320 --- [http-nio-8082-exec-3] c.e.s.config.jwt.JwtFilter               : do filter...
2021-12-07 16:07:55.098  INFO 5320 --- [http-nio-8082-exec-5] c.e.s.config.jwt.JwtFilter               : do filter...
2021-12-07 16:07:55.099  INFO 5320 --- [http-nio-8082-exec-5] c.e.s.config.jwt.JwtFilter               : do filter...
2021-12-07 16:08:18.139  INFO 5320 --- [http-nio-8082-exec-7] c.e.s.config.jwt.JwtFilter               : do filter...
2021-12-07 16:08:18.140  INFO 5320 --- [http-nio-8082-exec-7] c.e.s.config.jwt.JwtFilter               : do filter...
2021-12-07 16:09:08.250  INFO 5320 --- [http-nio-8082-exec-9] c.e.s.config.jwt.JwtFilter               : do filter...
2021-12-07 16:09:08.254  INFO 5320 --- [http-nio-8082-exec-9] c.e.s.config.jwt.JwtFilter               : do filter...
2021-12-07 16:09:08.258  INFO 5320 --- [http-nio-8082-exec-10] c.e.s.config.jwt.JwtFilter               : do filter...
2021-12-07 16:09:08.259  INFO 5320 --- [http-nio-8082-exec-10] c.e.s.config.jwt.JwtFilter               : do filter...
2021-12-07 16:09:54.475  INFO 5320 --- [http-nio-8082-exec-2] c.e.s.config.jwt.JwtFilter               : do filter...
2021-12-07 16:09:54.476  INFO 5320 --- [http-nio-8082-exec-2] c.e.s.config.jwt.JwtFilter               : do filter...
2021-12-07 16:09:54.481  INFO 5320 --- [http-nio-8082-exec-3] c.e.s.config.jwt.JwtFilter               : do filter...
2021-12-07 16:09:54.487  INFO 5320 --- [http-nio-8082-exec-3] c.e.s.config.jwt.JwtFilter               : do filter...
2021-12-07 16:10:00.633  INFO 5320 --- [http-nio-8082-exec-5] c.e.s.config.jwt.JwtFilter               : do filter...
2021-12-07 16:10:00.635  INFO 5320 --- [http-nio-8082-exec-5] c.e.s.config.jwt.JwtFilter               : do filter...
2021-12-07 16:10:01.842  INFO 5320 --- [http-nio-8082-exec-6] c.e.s.config.jwt.JwtFilter               : do filter...
2021-12-07 16:10:01.845  INFO 5320 --- [http-nio-8082-exec-6] c.e.s.config.jwt.JwtFilter               : do filter...
2021-12-07 16:10:02.689  INFO 5320 --- [http-nio-8082-exec-7] c.e.s.config.jwt.JwtFilter               : do filter...
2021-12-07 16:10:02.690  INFO 5320 --- [http-nio-8082-exec-7] c.e.s.config.jwt.JwtFilter               : do filter...
2021-12-07 16:10:04.953  INFO 5320 --- [http-nio-8082-exec-8] c.e.s.config.jwt.JwtFilter               : do filter...
2021-12-07 16:10:04.955  INFO 5320 --- [http-nio-8082-exec-8] c.e.s.config.jwt.JwtFilter               : do filter...
2021-12-07 16:34:43.517  INFO 5320 --- [http-nio-8082-exec-10] c.e.s.config.jwt.JwtFilter               : do filter...
2021-12-07 16:34:43.542  INFO 5320 --- [http-nio-8082-exec-10] c.e.s.config.jwt.JwtFilter               : do filter...
