0:0:0:0:0:0:0:1 - - [07/Dec/2021:13:34:52 +0300] "OPTIONS /register HTTP/1.1" 403 31
0:0:0:0:0:0:0:1 - - [07/Dec/2021:13:53:26 +0300] "OPTIONS /register HTTP/1.1" 403 31
0:0:0:0:0:0:0:1 - - [07/Dec/2021:13:59:36 +0300] "OPTIONS /register HTTP/1.1" 403 31
0:0:0:0:0:0:0:1 - - [07/Dec/2021:13:59:37 +0300] "OPTIONS /register HTTP/1.1" 403 31
0:0:0:0:0:0:0:1 - - [07/Dec/2021:14:10:36 +0300] "OPTIONS /register HTTP/1.1" 403 31
0:0:0:0:0:0:0:1 - - [07/Dec/2021:14:12:18 +0300] "GET /offers HTTP/1.1" 200 855
0:0:0:0:0:0:0:1 - - [07/Dec/2021:14:12:41 +0300] "OPTIONS /register HTTP/1.1" 200 -
0:0:0:0:0:0:0:1 - - [07/Dec/2021:14:12:41 +0300] "POST /register HTTP/1.1" 201 173
0:0:0:0:0:0:0:1 - - [07/Dec/2021:14:16:10 +0300] "POST /register HTTP/1.1" 418 -
0:0:0:0:0:0:0:1 - - [07/Dec/2021:14:16:18 +0300] "POST /register HTTP/1.1" 201 174
0:0:0:0:0:0:0:1 - - [07/Dec/2021:14:16:20 +0300] "OPTIONS /profile HTTP/1.1" 200 -
0:0:0:0:0:0:0:1 - - [07/Dec/2021:14:16:20 +0300] "GET /profile HTTP/1.1" 200 98
0:0:0:0:0:0:0:1 - - [07/Dec/2021:14:18:49 +0300] "POST /register HTTP/1.1" 201 179
0:0:0:0:0:0:0:1 - - [07/Dec/2021:14:18:53 +0300] "GET /profile HTTP/1.1" 200 106
0:0:0:0:0:0:0:1 - - [07/Dec/2021:14:19:16 +0300] "GET /profile HTTP/1.1" 200 106
0:0:0:0:0:0:0:1 - - [07/Dec/2021:14:20:35 +0300] "POST /register HTTP/1.1" 201 178
0:0:0:0:0:0:0:1 - - [07/Dec/2021:14:20:38 +0300] "GET /profile HTTP/1.1" 200 103
0:0:0:0:0:0:0:1 - - [07/Dec/2021:14:21:36 +0300] "GET /offers HTTP/1.1" 200 855
0:0:0:0:0:0:0:1 - - [07/Dec/2021:14:22:17 +0300] "GET /profile HTTP/1.1" 200 103
0:0:0:0:0:0:0:1 - - [07/Dec/2021:14:22:25 +0300] "OPTIONS /auth HTTP/1.1" 200 -
0:0:0:0:0:0:0:1 - - [07/Dec/2021:14:22:25 +0300] "POST /auth HTTP/1.1" 200 178
0:0:0:0:0:0:0:1 - - [07/Dec/2021:14:22:27 +0300] "GET /profile HTTP/1.1" 200 103
0:0:0:0:0:0:0:1 - - [07/Dec/2021:14:37:43 +0300] "GET /profile HTTP/1.1" 200 103
0:0:0:0:0:0:0:1 - - [07/Dec/2021:14:38:58 +0300] "GET /profile HTTP/1.1" 200 103
0:0:0:0:0:0:0:1 - - [07/Dec/2021:14:39:01 +0300] "GET /profile HTTP/1.1" 200 103
0:0:0:0:0:0:0:1 - - [07/Dec/2021:14:39:02 +0300] "GET /profile HTTP/1.1" 200 103
0:0:0:0:0:0:0:1 - - [07/Dec/2021:14:41:32 +0300] "GET /profile HTTP/1.1" 200 103
0:0:0:0:0:0:0:1 - - [07/Dec/2021:14:41:34 +0300] "GET /profile HTTP/1.1" 200 103
0:0:0:0:0:0:0:1 - - [07/Dec/2021:14:41:42 +0300] "POST /auth HTTP/1.1" 200 178
0:0:0:0:0:0:0:1 - - [07/Dec/2021:14:41:43 +0300] "GET /profile HTTP/1.1" 200 100
0:0:0:0:0:0:0:1 - - [07/Dec/2021:14:41:44 +0300] "GET /profile HTTP/1.1" 200 100
0:0:0:0:0:0:0:1 - - [07/Dec/2021:14:43:43 +0300] "GET /profile HTTP/1.1" 200 100
0:0:0:0:0:0:0:1 - - [07/Dec/2021:14:43:51 +0300] "POST /auth HTTP/1.1" 200 178
0:0:0:0:0:0:0:1 - - [07/Dec/2021:14:43:51 +0300] "GET /profile HTTP/1.1" 200 103
0:0:0:0:0:0:0:1 - - [07/Dec/2021:14:46:32 +0300] "OPTIONS /profile HTTP/1.1" 200 -
0:0:0:0:0:0:0:1 - - [07/Dec/2021:14:46:32 +0300] "GET /profile HTTP/1.1" 200 103
0:0:0:0:0:0:0:1 - - [07/Dec/2021:14:47:06 +0300] "GET /profile HTTP/1.1" 200 103
0:0:0:0:0:0:0:1 - - [07/Dec/2021:14:47:11 +0300] "POST /auth HTTP/1.1" 200 178
0:0:0:0:0:0:0:1 - - [07/Dec/2021:14:47:12 +0300] "GET /profile HTTP/1.1" 200 103
0:0:0:0:0:0:0:1 - - [07/Dec/2021:14:47:28 +0300] "POST /auth HTTP/1.1" 200 178
0:0:0:0:0:0:0:1 - - [07/Dec/2021:14:47:28 +0300] "GET /profile HTTP/1.1" 200 103
0:0:0:0:0:0:0:1 - - [07/Dec/2021:14:49:01 +0300] "POST /auth HTTP/1.1" 200 178
0:0:0:0:0:0:0:1 - - [07/Dec/2021:14:49:01 +0300] "GET /profile HTTP/1.1" 200 103
0:0:0:0:0:0:0:1 - - [07/Dec/2021:14:49:46 +0300] "GET /profile HTTP/1.1" 200 103
0:0:0:0:0:0:0:1 - - [07/Dec/2021:14:49:49 +0300] "POST /auth HTTP/1.1" 200 178
0:0:0:0:0:0:0:1 - - [07/Dec/2021:14:49:49 +0300] "GET /profile HTTP/1.1" 200 103
0:0:0:0:0:0:0:1 - - [07/Dec/2021:14:49:50 +0300] "GET /profile HTTP/1.1" 200 103
0:0:0:0:0:0:0:1 - - [07/Dec/2021:14:49:50 +0300] "GET /profile HTTP/1.1" 200 103
0:0:0:0:0:0:0:1 - - [07/Dec/2021:14:50:23 +0300] "POST /auth HTTP/1.1" 200 178
0:0:0:0:0:0:0:1 - - [07/Dec/2021:14:50:23 +0300] "GET /profile HTTP/1.1" 200 103
0:0:0:0:0:0:0:1 - - [07/Dec/2021:14:50:25 +0300] "GET /profile HTTP/1.1" 200 103
0:0:0:0:0:0:0:1 - - [07/Dec/2021:14:52:36 +0300] "GET /profile HTTP/1.1" 200 103
0:0:0:0:0:0:0:1 - - [07/Dec/2021:14:52:46 +0300] "OPTIONS /auth HTTP/1.1" 200 -
0:0:0:0:0:0:0:1 - - [07/Dec/2021:14:52:46 +0300] "POST /auth HTTP/1.1" 200 178
0:0:0:0:0:0:0:1 - - [07/Dec/2021:14:54:17 +0300] "POST /auth HTTP/1.1" 200 178
0:0:0:0:0:0:0:1 - - [07/Dec/2021:14:54:35 +0300] "POST /auth HTTP/1.1" 200 178
0:0:0:0:0:0:0:1 - - [07/Dec/2021:14:54:52 +0300] "GET /profile HTTP/1.1" 200 103
0:0:0:0:0:0:0:1 - - [07/Dec/2021:14:55:00 +0300] "POST /auth HTTP/1.1" 200 178
0:0:0:0:0:0:0:1 - - [07/Dec/2021:14:55:01 +0300] "GET /profile HTTP/1.1" 200 100
0:0:0:0:0:0:0:1 - - [07/Dec/2021:15:29:43 +0300] "OPTIONS /auth HTTP/1.1" 200 -
0:0:0:0:0:0:0:1 - - [07/Dec/2021:15:29:43 +0300] "POST /auth HTTP/1.1" 200 178
0:0:0:0:0:0:0:1 - - [07/Dec/2021:15:30:33 +0300] "POST /auth HTTP/1.1" 200 178
0:0:0:0:0:0:0:1 - - [07/Dec/2021:15:30:35 +0300] "OPTIONS /profile HTTP/1.1" 200 -
0:0:0:0:0:0:0:1 - - [07/Dec/2021:15:30:35 +0300] "GET /profile HTTP/1.1" 200 103
0:0:0:0:0:0:0:1 - - [07/Dec/2021:15:30:47 +0300] "POST /auth HTTP/1.1" 200 178
0:0:0:0:0:0:0:1 - - [07/Dec/2021:15:30:48 +0300] "GET /profile HTTP/1.1" 200 100
0:0:0:0:0:0:0:1 - - [07/Dec/2021:15:30:50 +0300] "GET /types HTTP/1.1" 404 105
0:0:0:0:0:0:0:1 - - [07/Dec/2021:15:31:22 +0300] "POST /auth HTTP/1.1" 200 178
0:0:0:0:0:0:0:1 - - [07/Dec/2021:15:31:23 +0300] "GET /profile HTTP/1.1" 200 100
0:0:0:0:0:0:0:1 - - [07/Dec/2021:15:31:24 +0300] "GET /types HTTP/1.1" 404 105
0:0:0:0:0:0:0:1 - - [07/Dec/2021:15:32:12 +0300] "POST /auth HTTP/1.1" 200 178
0:0:0:0:0:0:0:1 - - [07/Dec/2021:15:32:13 +0300] "GET /profile HTTP/1.1" 200 100
0:0:0:0:0:0:0:1 - - [07/Dec/2021:15:32:15 +0300] "GET /types HTTP/1.1" 200 3977
0:0:0:0:0:0:0:1 - - [07/Dec/2021:15:33:09 +0300] "POST /auth HTTP/1.1" 200 178
0:0:0:0:0:0:0:1 - - [07/Dec/2021:15:33:10 +0300] "GET /profile HTTP/1.1" 200 100
0:0:0:0:0:0:0:1 - - [07/Dec/2021:15:33:11 +0300] "GET /types HTTP/1.1" 200 3977
0:0:0:0:0:0:0:1 - - [07/Dec/2021:15:34:27 +0300] "POST /auth HTTP/1.1" 200 178
0:0:0:0:0:0:0:1 - - [07/Dec/2021:15:34:28 +0300] "GET /profile HTTP/1.1" 200 100
0:0:0:0:0:0:0:1 - - [07/Dec/2021:15:34:29 +0300] "GET /types HTTP/1.1" 200 3977
0:0:0:0:0:0:0:1 - - [07/Dec/2021:15:35:43 +0300] "POST /auth HTTP/1.1" 200 178
0:0:0:0:0:0:0:1 - - [07/Dec/2021:15:35:44 +0300] "GET /profile HTTP/1.1" 200 100
0:0:0:0:0:0:0:1 - - [07/Dec/2021:15:35:45 +0300] "GET /types HTTP/1.1" 200 3977
0:0:0:0:0:0:0:1 - - [07/Dec/2021:15:35:51 +0300] "GET /offers HTTP/1.1" 200 855
0:0:0:0:0:0:0:1 - - [07/Dec/2021:15:35:53 +0300] "GET /offers HTTP/1.1" 200 855
0:0:0:0:0:0:0:1 - - [07/Dec/2021:15:35:59 +0300] "POST /auth HTTP/1.1" 200 178
0:0:0:0:0:0:0:1 - - [07/Dec/2021:15:36:00 +0300] "GET /profile HTTP/1.1" 200 100
0:0:0:0:0:0:0:1 - - [07/Dec/2021:15:36:01 +0300] "GET /types HTTP/1.1" 200 3977
0:0:0:0:0:0:0:1 - - [07/Dec/2021:15:41:06 +0300] "GET /types HTTP/1.1" 200 3977
0:0:0:0:0:0:0:1 - - [07/Dec/2021:15:42:30 +0300] "POST /auth HTTP/1.1" 200 178
0:0:0:0:0:0:0:1 - - [07/Dec/2021:15:42:32 +0300] "GET /profile HTTP/1.1" 200 100
0:0:0:0:0:0:0:1 - - [07/Dec/2021:15:42:33 +0300] "GET /types HTTP/1.1" 200 3977
0:0:0:0:0:0:0:1 - - [07/Dec/2021:15:42:48 +0300] "POST /auth HTTP/1.1" 200 178
0:0:0:0:0:0:0:1 - - [07/Dec/2021:15:42:50 +0300] "GET /profile HTTP/1.1" 200 100
0:0:0:0:0:0:0:1 - - [07/Dec/2021:15:42:51 +0300] "GET /types HTTP/1.1" 200 3977
0:0:0:0:0:0:0:1 - - [07/Dec/2021:15:48:46 +0300] "GET /profile HTTP/1.1" 200 100
0:0:0:0:0:0:0:1 - - [07/Dec/2021:15:48:47 +0300] "GET /types HTTP/1.1" 200 3977
0:0:0:0:0:0:0:1 - - [07/Dec/2021:16:05:14 +0300] "GET /types HTTP/1.1" 200 3977
0:0:0:0:0:0:0:1 - - [07/Dec/2021:16:05:16 +0300] "OPTIONS /offers HTTP/1.1" 200 -
0:0:0:0:0:0:0:1 - - [07/Dec/2021:16:05:17 +0300] "POST /offers HTTP/1.1" 400 108
0:0:0:0:0:0:0:1 - - [07/Dec/2021:16:06:35 +0300] "POST /offers HTTP/1.1" 201 -
0:0:0:0:0:0:0:1 - - [07/Dec/2021:16:07:00 +0300] "GET /types HTTP/1.1" 200 3977
0:0:0:0:0:0:0:1 - - [07/Dec/2021:16:07:08 +0300] "POST /offers HTTP/1.1" 201 -
0:0:0:0:0:0:0:1 - - [07/Dec/2021:16:07:55 +0300] "GET /types HTTP/1.1" 200 3977
0:0:0:0:0:0:0:1 - - [07/Dec/2021:16:08:18 +0300] "POST /offers HTTP/1.1" 201 -
0:0:0:0:0:0:0:1 - - [07/Dec/2021:16:09:08 +0300] "OPTIONS /auth HTTP/1.1" 200 -
0:0:0:0:0:0:0:1 - - [07/Dec/2021:16:09:08 +0300] "POST /auth HTTP/1.1" 200 178
0:0:0:0:0:0:0:1 - - [07/Dec/2021:16:09:54 +0300] "OPTIONS /profile HTTP/1.1" 200 -
0:0:0:0:0:0:0:1 - - [07/Dec/2021:16:09:54 +0300] "GET /profile HTTP/1.1" 200 103
0:0:0:0:0:0:0:1 - - [07/Dec/2021:16:10:00 +0300] "POST /auth HTTP/1.1" 200 178
0:0:0:0:0:0:0:1 - - [07/Dec/2021:16:10:01 +0300] "GET /profile HTTP/1.1" 200 100
0:0:0:0:0:0:0:1 - - [07/Dec/2021:16:10:02 +0300] "GET /types HTTP/1.1" 200 3977
0:0:0:0:0:0:0:1 - - [07/Dec/2021:16:10:04 +0300] "GET /types HTTP/1.1" 200 3977
0:0:0:0:0:0:0:1 - - [07/Dec/2021:16:34:43 +0300] "GET /types HTTP/1.1" 200 3977
